<?xml version="1.0" encoding="utf-8"?><testsuites name="pytest tests"><testsuite name="pytest" errors="0" failures="0" skipped="0" tests="33" time="7.986" timestamp="2026-03-31T11:39:06.099855+00:00" hostname="agent-env-ccfc06e7-ed95-45d9-8159-1681eb20850c"><testcase classname="backend.tests.test_forum_features.TestSetup" name="test_seed_data" time="0.193" /><testcase classname="backend.tests.test_forum_features.TestSetup" name="test_register_user" time="0.286" /><testcase classname="backend.tests.test_forum_features.TestAuthentication" name="test_login" time="0.386" /><testcase classname="backend.tests.test_forum_features.TestForumCategories" name="test_get_categories" time="0.385" /><testcase classname="backend.tests.test_forum_features.TestForumCategories" name="test_get_single_category" time="0.108" /><testcase classname="backend.tests.test_forum_features.TestForumPostsSortingFiltering" name="test_get_posts_newest" time="0.478" /><testcase classname="backend.tests.test_forum_features.TestForumPostsSortingFiltering" name="test_get_posts_oldest" time="0.050" /><testcase classname="backend.tests.test_forum_features.TestForumPostsSortingFiltering" name="test_get_posts_popular" time="0.052" /><testcase classname="backend.tests.test_forum_features.TestForumPostsSortingFiltering" name="test_get_posts_most_replies" time="0.054" /><testcase classname="backend.tests.test_forum_features.TestForumPostsSortingFiltering" name="test_filter_unanswered" time="0.050" /><testcase classname="backend.tests.test_forum_features.TestForumPostsSortingFiltering" name="test_filter_trending" time="0.052" /><testcase classname="backend.tests.test_forum_features.TestForumPostsSortingFiltering" name="test_pagination" time="0.096" /><testcase classname="backend.tests.test_forum_features.TestTrendingPosts" name="test_get_trending_posts" time="0.392" /><testcase classname="backend.tests.test_forum_features.TestPostCRUD" name="test_create_post" time="0.425" /><testcase classname="backend.tests.test_forum_features.TestPostCRUD" name="test_get_post_with_user_status" time="0.101" /><testcase classname="backend.tests.test_forum_features.TestPostCRUD" name="test_edit_own_post" time="0.094" /><testcase classname="backend.tests.test_forum_features.TestPostCRUD" name="test_delete_own_post" time="0.137" /><testcase classname="backend.tests.test_forum_features.TestBookmarks" name="test_bookmark_post" time="0.616" /><testcase classname="backend.tests.test_forum_features.TestBookmarks" name="test_get_bookmarks" time="0.178" /><testcase classname="backend.tests.test_forum_features.TestBookmarks" name="test_unbookmark_post" time="0.163" /><testcase classname="backend.tests.test_forum_features.TestReplies" name="test_create_reply" time="0.478" /><testcase classname="backend.tests.test_forum_features.TestReplies" name="test_create_nested_reply" time="0.093" /><testcase classname="backend.tests.test_forum_features.TestReplies" name="test_like_reply" time="0.106" /><testcase classname="backend.tests.test_forum_features.TestReplies" name="test_get_replies_with_user_status" time="0.054" /><testcase classname="backend.tests.test_forum_features.TestReplies" name="test_edit_reply" time="0.091" /><testcase classname="backend.tests.test_forum_features.TestReplies" name="test_delete_reply" time="0.098" /><testcase classname="backend.tests.test_forum_features.TestNotifications" name="test_get_notifications" time="0.707" /><testcase classname="backend.tests.test_forum_features.TestNotifications" name="test_get_unread_count" time="0.048" /><testcase classname="backend.tests.test_forum_features.TestNotifications" name="test_mark_all_read" time="0.043" /><testcase classname="backend.tests.test_forum_features.TestReports" name="test_report_post" time="0.579" /><testcase classname="backend.tests.test_forum_features.TestReports" name="test_report_reply" time="0.124" /><testcase classname="backend.tests.test_forum_features.TestReports" name="test_duplicate_report_rejected" time="0.219" /><testcase classname="backend.tests.test_forum_features.TestCleanup" name="test_cleanup_test_posts" time="0.915" /></testsuite></testsuites>