<?xml version="1.0" encoding="utf-8"?><testsuites name="pytest tests"><testsuite name="pytest" errors="0" failures="0" skipped="0" tests="18" time="4.983" timestamp="2026-03-31T12:39:48.956402+00:00" hostname="agent-env-ccfc06e7-ed95-45d9-8159-1681eb20850c"><testcase classname="backend.tests.test_new_features.TestAuthAndSetup" name="test_seed_data" time="0.167" /><testcase classname="backend.tests.test_new_features.TestProfileRegionAndEmailPrefs" name="test_update_profile_with_region" time="0.449" /><testcase classname="backend.tests.test_new_features.TestProfileRegionAndEmailPrefs" name="test_update_profile_with_email_preferences" time="0.125" /><testcase classname="backend.tests.test_new_features.TestProfileRegionAndEmailPrefs" name="test_get_user_profile_has_region_and_email_prefs" time="0.213" /><testcase classname="backend.tests.test_new_features.TestChatRoomsWithRegions" name="test_get_chat_rooms_returns_local_and_global" time="0.446" /><testcase classname="backend.tests.test_new_features.TestChatRoomsWithRegions" name="test_get_chat_rooms_with_region_filter" time="0.114" /><testcase classname="backend.tests.test_new_features.TestChatRoomsWithRegions" name="test_get_chat_rooms_us_region" time="0.111" /><testcase classname="backend.tests.test_new_features.TestChatRoomsWithRegions" name="test_global_rooms_available" time="0.109" /><testcase classname="backend.tests.test_new_features.TestChatRoomsWithRegions" name="test_chat_room_has_room_type_field" time="0.102" /><testcase classname="backend.tests.test_new_features.TestImageUpload" name="test_upload_image_endpoint_exists" time="0.445" /><testcase classname="backend.tests.test_new_features.TestImageUpload" name="test_upload_image_rejects_invalid_type" time="0.107" /><testcase classname="backend.tests.test_new_features.TestImageUpload" name="test_create_post_with_image" time="0.419" /><testcase classname="backend.tests.test_new_features.TestProfilePictureUpload" name="test_update_profile_picture" time="0.531" /><testcase classname="backend.tests.test_new_features.TestNotificationEndpoints" name="test_get_notifications" time="0.458" /><testcase classname="backend.tests.test_new_features.TestNotificationEndpoints" name="test_get_unread_count" time="0.111" /><testcase classname="backend.tests.test_new_features.TestNotificationEndpoints" name="test_mark_all_notifications_read" time="0.208" /><testcase classname="backend.tests.test_new_features.TestChatRoomJoinLeave" name="test_join_chat_room" time="0.559" /><testcase classname="backend.tests.test_new_features.TestChatRoomJoinLeave" name="test_leave_chat_room" time="0.221" /></testsuite></testsuites>